<?xml version="1.0" encoding="UTF-8"?>
<testng-results skipped="0" failed="0" total="1" passed="1">
  <reporter-output>
  </reporter-output>
  <suite name="Suite" duration-ms="40080" started-at="2018-02-25T06:30:39Z" finished-at="2018-02-25T06:31:19Z">
    <groups>
    </groups>
    <test name="Test" duration-ms="40080" started-at="2018-02-25T06:30:39Z" finished-at="2018-02-25T06:31:19Z">
      <class name="com.rafi.login">
        <test-method status="PASS" signature="login_gmail()[pri:0, instance:com.rafi.login@23223dd8]" name="login_gmail" duration-ms="40060" started-at="2018-02-25T12:00:39Z" finished-at="2018-02-25T12:01:19Z">
          <reporter-output>
          </reporter-output>
        </test-method> <!-- login_gmail -->
      </class> <!-- com.rafi.login -->
    </test> <!-- Test -->
  </suite> <!-- Suite -->
</testng-results>
