<?xml version="1.0" encoding="UTF-8"?>
<testng-results skipped="0" failed="0" total="1" passed="1">
  <reporter-output>
  </reporter-output>
  <suite name="Default suite" duration-ms="54491" started-at="2018-02-25T06:28:21Z" finished-at="2018-02-25T06:29:15Z">
    <groups>
    </groups>
    <test name="Default test" duration-ms="54491" started-at="2018-02-25T06:28:21Z" finished-at="2018-02-25T06:29:15Z">
      <class name="com.rafi.login">
        <test-method status="PASS" signature="login_gmail()[pri:0, instance:com.rafi.login@6d78f375]" name="login_gmail" duration-ms="54454" started-at="2018-02-25T11:58:21Z" finished-at="2018-02-25T11:59:15Z">
          <reporter-output>
          </reporter-output>
        </test-method> <!-- login_gmail -->
      </class> <!-- com.rafi.login -->
    </test> <!-- Default test -->
  </suite> <!-- Default suite -->
</testng-results>
